# JRE version: Java(TM) SE Runtime Environment (8.0_181-b13) (build 1.8.0_181-b13)
# Java VM: Java HotSpot(TM) 64-Bit Server VM (25.181-b13 mixed mode windows-amd64 compressed oops)
Heap:
 PSYoungGen      total 290304K, used 74409K [0x00000000eb500000, 0x00000000fe500000, 0x0000000100000000)
  eden space 277504K, 26% used [0x00000000eb500000,0x00000000efdaa7d8,0x00000000fc400000)
  from space 12800K, 0% used [0x00000000fd880000,0x00000000fd880000,0x00000000fe500000)
  to   space 16896K, 0% used [0x00000000fc400000,0x00000000fc400000,0x00000000fd480000)
 ParOldGen       total 55808K, used 21449K [0x00000000c1e00000, 0x00000000c5480000, 0x00000000eb500000)
  object space 55808K, 38% used [0x00000000c1e00000,0x00000000c32f25e8,0x00000000c5480000)
 Metaspace       used 59313K, capacity 63004K, committed 63232K, reserved 1103872K
  class space    used 8319K, capacity 8933K, committed 8960K, reserved 1048576K
GC Heap History (10 events):
Event: 10.590 GC heap before
{Heap before GC invocations=11 (full 1):
 PSYoungGen      total 137216K, used 84527K [0x00000000eb500000, 0x00000000f8900000, 0x0000000100000000)
  eden space 129024K, 59% used [0x00000000eb500000,0x00000000eff8d080,0x00000000f3300000)
  from space 8192K, 99% used [0x00000000f3300000,0x00000000f3afedd8,0x00000000f3b00000)
  to   space 11776K, 0% used [0x00000000f7d80000,0x00000000f7d80000,0x00000000f8900000)
 ParOldGen       total 27136K, used 10799K [0x00000000c1e00000, 0x00000000c3880000, 0x00000000eb500000)
  object space 27136K, 39% used [0x00000000c1e00000,0x00000000c288bc28,0x00000000c3880000)
 Metaspace       used 33260K, capacity 35422K, committed 35496K, reserved 1079296K
  class space    used 4433K, capacity 4847K, committed 4864K, reserved 1048576K
Event: 10.600 GC heap after
Heap after GC invocations=11 (full 1):
 PSYoungGen      total 199680K, used 9511K [0x00000000eb500000, 0x00000000f8700000, 0x0000000100000000)
  eden space 189952K, 0% used [0x00000000eb500000,0x00000000eb500000,0x00000000f6e80000)
  from space 9728K, 97% used [0x00000000f7d80000,0x00000000f86c9f10,0x00000000f8700000)
  to   space 12288K, 0% used [0x00000000f6f00000,0x00000000f6f00000,0x00000000f7b00000)
 ParOldGen       total 27136K, used 10807K [0x00000000c1e00000, 0x00000000c3880000, 0x00000000eb500000)
  object space 27136K, 39% used [0x00000000c1e00000,0x00000000c288dc28,0x00000000c3880000)
 Metaspace       used 33260K, capacity 35422K, committed 35496K, reserved 1079296K
  class space    used 4433K, capacity 4847K, committed 4864K, reserved 1048576K
}
Event: 10.600 GC heap before
{Heap before GC invocations=12 (full 2):
 PSYoungGen      total 199680K, used 9511K [0x00000000eb500000, 0x00000000f8700000, 0x0000000100000000)
  eden space 189952K, 0% used [0x00000000eb500000,0x00000000eb500000,0x00000000f6e80000)
  from space 9728K, 97% used [0x00000000f7d80000,0x00000000f86c9f10,0x00000000f8700000)
  to   space 12288K, 0% used [0x00000000f6f00000,0x00000000f6f00000,0x00000000f7b00000)
 ParOldGen       total 27136K, used 10807K [0x00000000c1e00000, 0x00000000c3880000, 0x00000000eb500000)
  object space 27136K, 39% used [0x00000000c1e00000,0x00000000c288dc28,0x00000000c3880000)
 Metaspace       used 33260K, capacity 35422K, committed 35496K, reserved 1079296K
  class space    used 4433K, capacity 4847K, committed 4864K, reserved 1048576K
Event: 10.654 GC heap after
Heap after GC invocations=12 (full 2):
 PSYoungGen      total 199680K, used 0K [0x00000000eb500000, 0x00000000f8700000, 0x0000000100000000)
  eden space 189952K, 0% used [0x00000000eb500000,0x00000000eb500000,0x00000000f6e80000)
  from space 9728K, 0% used [0x00000000f7d80000,0x00000000f7d80000,0x00000000f8700000)
  to   space 12288K, 0% used [0x00000000f6f00000,0x00000000f6f00000,0x00000000f7b00000)
 ParOldGen       total 40960K, used 14256K [0x00000000c1e00000, 0x00000000c4600000, 0x00000000eb500000)
  object space 40960K, 34% used [0x00000000c1e00000,0x00000000c2bec1a0,0x00000000c4600000)
 Metaspace       used 33260K, capacity 35422K, committed 35496K, reserved 1079296K
  class space    used 4433K, capacity 4847K, committed 4864K, reserved 1048576K
}
Event: 19.781 GC heap before
{Heap before GC invocations=13 (full 2):
 PSYoungGen      total 199680K, used 189952K [0x00000000eb500000, 0x00000000f8700000, 0x0000000100000000)
  eden space 189952K, 100% used [0x00000000eb500000,0x00000000f6e80000,0x00000000f6e80000)
  from space 9728K, 0% used [0x00000000f7d80000,0x00000000f7d80000,0x00000000f8700000)
  to   space 12288K, 0% used [0x00000000f6f00000,0x00000000f6f00000,0x00000000f7b00000)
 ParOldGen       total 40960K, used 14256K [0x00000000c1e00000, 0x00000000c4600000, 0x00000000eb500000)
  object space 40960K, 34% used [0x00000000c1e00000,0x00000000c2bec1a0,0x00000000c4600000)
 Metaspace       used 52095K, capacity 54868K, committed 54912K, reserved 1095680K
  class space    used 7275K, capacity 7765K, committed 7808K, reserved 1048576K
Event: 19.801 GC heap after
Heap after GC invocations=13 (full 2):
 PSYoungGen      total 202752K, used 12266K [0x00000000eb500000, 0x00000000fe980000, 0x0000000100000000)
  eden space 190464K, 0% used [0x00000000eb500000,0x00000000eb500000,0x00000000f6f00000)
  from space 12288K, 99% used [0x00000000f6f00000,0x00000000f7afaae8,0x00000000f7b00000)
  to   space 17408K, 0% used [0x00000000fd880000,0x00000000fd880000,0x00000000fe980000)
 ParOldGen       total 40960K, used 22889K [0x00000000c1e00000, 0x00000000c4600000, 0x00000000eb500000)
  object space 40960K, 55% used [0x00000000c1e00000,0x00000000c345a408,0x00000000c4600000)
 Metaspace       used 52095K, capacity 54868K, committed 54912K, reserved 1095680K
  class space    used 7275K, capacity 7765K, committed 7808K, reserved 1048576K
}
Event: 21.388 GC heap before
{Heap before GC invocations=14 (full 2):
 PSYoungGen      total 202752K, used 53018K [0x00000000eb500000, 0x00000000fe980000, 0x0000000100000000)
  eden space 190464K, 21% used [0x00000000eb500000,0x00000000edccbe78,0x00000000f6f00000)
  from space 12288K, 99% used [0x00000000f6f00000,0x00000000f7afaae8,0x00000000f7b00000)
  to   space 17408K, 0% used [0x00000000fd880000,0x00000000fd880000,0x00000000fe980000)
 ParOldGen       total 40960K, used 22889K [0x00000000c1e00000, 0x00000000c4600000, 0x00000000eb500000)
  object space 40960K, 55% used [0x00000000c1e00000,0x00000000c345a408,0x00000000c4600000)
 Metaspace       used 55659K, capacity 58992K, committed 59136K, reserved 1099776K
  class space    used 7767K, capacity 8329K, committed 8448K, reserved 1048576K
Event: 21.404 GC heap after
Heap after GC invocations=14 (full 2):
 PSYoungGen      total 290304K, used 4313K [0x00000000eb500000, 0x00000000fe500000, 0x0000000100000000)
  eden space 277504K, 0% used [0x00000000eb500000,0x00000000eb500000,0x00000000fc400000)
  from space 12800K, 33% used [0x00000000fd880000,0x00000000fdcb67e8,0x00000000fe500000)
  to   space 16896K, 0% used [0x00000000fc400000,0x00000000fc400000,0x00000000fd480000)
 ParOldGen       total 40960K, used 29069K [0x00000000c1e00000, 0x00000000c4600000, 0x00000000eb500000)
  object space 40960K, 70% used [0x00000000c1e00000,0x00000000c3a63660,0x00000000c4600000)
 Metaspace       used 55659K, capacity 58992K, committed 59136K, reserved 1099776K
  class space    used 7767K, capacity 8329K, committed 8448K, reserved 1048576K
}
Event: 21.404 GC heap before
{Heap before GC invocations=15 (full 3):
 PSYoungGen      total 290304K, used 4313K [0x00000000eb500000, 0x00000000fe500000, 0x0000000100000000)
  eden space 277504K, 0% used [0x00000000eb500000,0x00000000eb500000,0x00000000fc400000)
  from space 12800K, 33% used [0x00000000fd880000,0x00000000fdcb67e8,0x00000000fe500000)
  to   space 16896K, 0% used [0x00000000fc400000,0x00000000fc400000,0x00000000fd480000)
 ParOldGen       total 40960K, used 29069K [0x00000000c1e00000, 0x00000000c4600000, 0x00000000eb500000)
  object space 40960K, 70% used [0x00000000c1e00000,0x00000000c3a63660,0x00000000c4600000)
 Metaspace       used 55659K, capacity 58992K, committed 59136K, reserved 1099776K
  class space    used 7767K, capacity 8329K, committed 8448K, reserved 1048576K
Event: 21.592 GC heap after
Heap after GC invocations=15 (full 3):
 PSYoungGen      total 290304K, used 0K [0x00000000eb500000, 0x00000000fe500000, 0x0000000100000000)
  eden space 277504K, 0% used [0x00000000eb500000,0x00000000eb500000,0x00000000fc400000)
  from space 12800K, 0% used [0x00000000fd880000,0x00000000fd880000,0x00000000fe500000)
  to   space 16896K, 0% used [0x00000000fc400000,0x00000000fc400000,0x00000000fd480000)
 ParOldGen       total 55808K, used 21449K [0x00000000c1e00000, 0x00000000c5480000, 0x00000000eb500000)
  object space 55808K, 38% used [0x00000000c1e00000,0x00000000c32f25e8,0x00000000c5480000)
 Metaspace       used 55659K, capacity 58992K, committed 59136K, reserved 1099776K
  class space    used 7767K, capacity 8329K, committed 8448K, reserved 1048576K
}

